<?xml version="1.0" encoding="UTF-8"?>
<testsuite name="org.zerock.b01.service.BoardServiceTest" tests="1" skipped="0" failures="0" errors="0" timestamp="2023-07-24T07:19:35" hostname="LEEKYUHWUN" time="0.305">
  <properties/>
  <testcase name="testRegister()" classname="org.zerock.b01.service.BoardServiceTest" time="0.305"/>
  <system-out><![CDATA[16:19:30.170 [Test worker] DEBUG org.springframework.test.context.BootstrapUtils - Instantiating CacheAwareContextLoaderDelegate from class [org.springframework.test.context.cache.DefaultCacheAwareContextLoaderDelegate]
16:19:30.184 [Test worker] DEBUG org.springframework.test.context.BootstrapUtils - Instantiating BootstrapContext using constructor [public org.springframework.test.context.support.DefaultBootstrapContext(java.lang.Class,org.springframework.test.context.CacheAwareContextLoaderDelegate)]
16:19:30.229 [Test worker] DEBUG org.springframework.test.context.BootstrapUtils - Instantiating TestContextBootstrapper for test class [org.zerock.b01.service.BoardServiceTest] from class [org.springframework.boot.test.context.SpringBootTestContextBootstrapper]
16:19:30.243 [Test worker] INFO org.springframework.boot.test.context.SpringBootTestContextBootstrapper - Neither @ContextConfiguration nor @ContextHierarchy found for test class [org.zerock.b01.service.BoardServiceTest], using SpringBootContextLoader
16:19:30.248 [Test worker] DEBUG org.springframework.test.context.support.AbstractContextLoader - Did not detect default resource location for test class [org.zerock.b01.service.BoardServiceTest]: class path resource [org/zerock/b01/service/BoardServiceTest-context.xml] does not exist
16:19:30.249 [Test worker] DEBUG org.springframework.test.context.support.AbstractContextLoader - Did not detect default resource location for test class [org.zerock.b01.service.BoardServiceTest]: class path resource [org/zerock/b01/service/BoardServiceTestContext.groovy] does not exist
16:19:30.250 [Test worker] INFO org.springframework.test.context.support.AbstractContextLoader - Could not detect default resource locations for test class [org.zerock.b01.service.BoardServiceTest]: no resource found for suffixes {-context.xml, Context.groovy}.
16:19:30.251 [Test worker] INFO org.springframework.test.context.support.AnnotationConfigContextLoaderUtils - Could not detect default configuration classes for test class [org.zerock.b01.service.BoardServiceTest]: BoardServiceTest does not declare any static, non-private, non-final, nested classes annotated with @Configuration.
16:19:30.306 [Test worker] DEBUG org.springframework.test.context.support.ActiveProfilesUtils - Could not find an 'annotation declaring class' for annotation type [org.springframework.test.context.ActiveProfiles] and class [org.zerock.b01.service.BoardServiceTest]
16:19:30.394 [Test worker] DEBUG org.springframework.context.annotation.ClassPathScanningCandidateComponentProvider - Identified candidate component class: file [C:\Project\sesac_pratice\b01\build\classes\java\main\org\zerock\b01\B01Application.class]
16:19:30.396 [Test worker] INFO org.springframework.boot.test.context.SpringBootTestContextBootstrapper - Found @SpringBootConfiguration org.zerock.b01.B01Application for test class org.zerock.b01.service.BoardServiceTest
16:19:30.520 [Test worker] DEBUG org.springframework.boot.test.context.SpringBootTestContextBootstrapper - @TestExecutionListeners is not present for class [org.zerock.b01.service.BoardServiceTest]: using defaults.
16:19:30.521 [Test worker] INFO org.springframework.boot.test.context.SpringBootTestContextBootstrapper - Loaded default TestExecutionListener class names from location [META-INF/spring.factories]: [org.springframework.boot.test.autoconfigure.restdocs.RestDocsTestExecutionListener, org.springframework.boot.test.autoconfigure.web.client.MockRestServiceServerResetTestExecutionListener, org.springframework.boot.test.autoconfigure.web.servlet.MockMvcPrintOnlyOnFailureTestExecutionListener, org.springframework.boot.test.autoconfigure.web.servlet.WebDriverTestExecutionListener, org.springframework.boot.test.autoconfigure.webservices.client.MockWebServiceServerTestExecutionListener, org.springframework.boot.test.mock.mockito.MockitoTestExecutionListener, org.springframework.boot.test.mock.mockito.ResetMocksTestExecutionListener, org.springframework.test.context.web.ServletTestExecutionListener, org.springframework.test.context.support.DirtiesContextBeforeModesTestExecutionListener, org.springframework.test.context.event.ApplicationEventsTestExecutionListener, org.springframework.test.context.support.DependencyInjectionTestExecutionListener, org.springframework.test.context.support.DirtiesContextTestExecutionListener, org.springframework.test.context.transaction.TransactionalTestExecutionListener, org.springframework.test.context.jdbc.SqlScriptsTestExecutionListener, org.springframework.test.context.event.EventPublishingTestExecutionListener]
16:19:30.548 [Test worker] INFO org.springframework.boot.test.context.SpringBootTestContextBootstrapper - Using TestExecutionListeners: [org.springframework.test.context.web.ServletTestExecutionListener@9635fa, org.springframework.test.context.support.DirtiesContextBeforeModesTestExecutionListener@53ab0286, org.springframework.test.context.event.ApplicationEventsTestExecutionListener@63c5efee, org.springframework.boot.test.mock.mockito.MockitoTestExecutionListener@2d10e0b1, org.springframework.boot.test.autoconfigure.SpringBootDependencyInjectionTestExecutionListener@1c98290c, org.springframework.test.context.support.DirtiesContextTestExecutionListener@172ca72b, org.springframework.test.context.transaction.TransactionalTestExecutionListener@5bda80bf, org.springframework.test.context.jdbc.SqlScriptsTestExecutionListener@71e5f61d, org.springframework.test.context.event.EventPublishingTestExecutionListener@2ce86164, org.springframework.boot.test.autoconfigure.restdocs.RestDocsTestExecutionListener@5e8f9e2d, org.springframework.boot.test.autoconfigure.web.client.MockRestServiceServerResetTestExecutionListener@51df223b, org.springframework.boot.test.autoconfigure.web.servlet.MockMvcPrintOnlyOnFailureTestExecutionListener@fd46303, org.springframework.boot.test.autoconfigure.web.servlet.WebDriverTestExecutionListener@60d8c0dc, org.springframework.boot.test.autoconfigure.webservices.client.MockWebServiceServerTestExecutionListener@4204541c, org.springframework.boot.test.mock.mockito.ResetMocksTestExecutionListener@6a62689d]
16:19:30.553 [Test worker] DEBUG org.springframework.test.context.support.AbstractDirtiesContextTestExecutionListener - Before test class: context [DefaultTestContext@3624da92 testClass = BoardServiceTest, testInstance = [null], testMethod = [null], testException = [null], mergedContextConfiguration = [WebMergedContextConfiguration@35fe2125 testClass = BoardServiceTest, locations = '{}', classes = '{class org.zerock.b01.B01Application}', contextInitializerClasses = '[]', activeProfiles = '{}', propertySourceLocations = '{}', propertySourceProperties = '{org.springframework.boot.test.context.SpringBootTestContextBootstrapper=true}', contextCustomizers = set[org.springframework.boot.test.autoconfigure.actuate.metrics.MetricsExportContextCustomizerFactory$DisableMetricExportContextCustomizer@4b14918a, org.springframework.boot.test.autoconfigure.properties.PropertyMappingContextCustomizer@0, org.springframework.boot.test.autoconfigure.web.servlet.WebDriverContextCustomizerFactory$Customizer@70f59913, org.springframework.boot.test.context.filter.ExcludeFilterContextCustomizer@253d9f73, org.springframework.boot.test.json.DuplicateJsonObjectContextCustomizerFactory$DuplicateJsonObjectContextCustomizer@f316aeb, org.springframework.boot.test.mock.mockito.MockitoContextCustomizer@0, org.springframework.boot.test.web.client.TestRestTemplateContextCustomizer@2df6226d, org.springframework.boot.test.context.SpringBootTestArgs@1, org.springframework.boot.test.context.SpringBootTestWebEnvironment@bd4dc25], resourceBasePath = 'src/main/webapp', contextLoader = 'org.springframework.boot.test.context.SpringBootContextLoader', parent = [null]], attributes = map['org.springframework.test.context.web.ServletTestExecutionListener.activateListener' -> true]], class annotated with @DirtiesContext [false] with mode [null].

  .   ____          _            __ _ _
 /\\ / ___'_ __ _ _(_)_ __  __ _ \ \ \ \
( ( )\___ | '_ | '_| | '_ \/ _` | \ \ \ \
 \\/  ___)| |_)| | | | | || (_| |  ) ) ) )
  '  |____| .__|_| |_|_| |_\__, | / / / /
 =========|_|==============|___/=/_/_/_/
 :: Spring Boot ::               (v2.7.14)

2023-07-24 16:19:31.054  INFO 21680 --- [    Test worker] org.zerock.b01.service.BoardServiceTest  : Starting BoardServiceTest using Java 11.0.19 on LeeKyuHwun with PID 21680 (started by dlrbg in C:\Project\sesac_pratice\b01)
2023-07-24 16:19:31.055 DEBUG 21680 --- [    Test worker] org.zerock.b01.service.BoardServiceTest  : Running with Spring Boot v2.7.14, Spring v5.3.29
2023-07-24 16:19:31.056  INFO 21680 --- [    Test worker] org.zerock.b01.service.BoardServiceTest  : No active profile set, falling back to 1 default profile: "default"
2023-07-24 16:19:31.929  INFO 21680 --- [    Test worker] .s.d.r.c.RepositoryConfigurationDelegate : Multiple Spring Data modules found, entering strict repository configuration mode
2023-07-24 16:19:31.930  INFO 21680 --- [    Test worker] .s.d.r.c.RepositoryConfigurationDelegate : Bootstrapping Spring Data JDBC repositories in DEFAULT mode.
2023-07-24 16:19:31.975  INFO 21680 --- [    Test worker] .RepositoryConfigurationExtensionSupport : Spring Data JDBC - Could not safely identify store assignment for repository candidate interface org.zerock.b01.repository.BoardRepository; If you want this repository to be a JDBC repository, consider annotating your entities with one of these annotations: org.springframework.data.relational.core.mapping.Table.
2023-07-24 16:19:31.976  INFO 21680 --- [    Test worker] .s.d.r.c.RepositoryConfigurationDelegate : Finished Spring Data repository scanning in 39 ms. Found 0 JDBC repository interfaces.
2023-07-24 16:19:31.989  INFO 21680 --- [    Test worker] .s.d.r.c.RepositoryConfigurationDelegate : Multiple Spring Data modules found, entering strict repository configuration mode
2023-07-24 16:19:31.990  INFO 21680 --- [    Test worker] .s.d.r.c.RepositoryConfigurationDelegate : Bootstrapping Spring Data JPA repositories in DEFAULT mode.
2023-07-24 16:19:32.037  INFO 21680 --- [    Test worker] .s.d.r.c.RepositoryConfigurationDelegate : Finished Spring Data repository scanning in 41 ms. Found 1 JPA repository interfaces.
2023-07-24 16:19:32.717  INFO 21680 --- [    Test worker] o.hibernate.jpa.internal.util.LogHelper  : HHH000204: Processing PersistenceUnitInfo [name: default]
2023-07-24 16:19:32.784  INFO 21680 --- [    Test worker] org.hibernate.Version                    : HHH000412: Hibernate ORM core version 5.6.15.Final
2023-07-24 16:19:33.046  INFO 21680 --- [    Test worker] o.hibernate.annotations.common.Version   : HCANN000001: Hibernate Commons Annotations {5.1.2.Final}
2023-07-24 16:19:33.174  INFO 21680 --- [    Test worker] com.zaxxer.hikari.HikariDataSource       : HikariPool-1 - Starting...
2023-07-24 16:19:33.260  INFO 21680 --- [    Test worker] com.zaxxer.hikari.HikariDataSource       : HikariPool-1 - Start completed.
2023-07-24 16:19:33.298  INFO 21680 --- [    Test worker] org.hibernate.dialect.Dialect            : HHH000400: Using dialect: org.hibernate.dialect.MariaDB106Dialect
2023-07-24 16:19:34.051  INFO 21680 --- [    Test worker] o.h.e.t.j.p.i.JtaPlatformInitiator       : HHH000490: Using JtaPlatform implementation: [org.hibernate.engine.transaction.jta.platform.internal.NoJtaPlatform]
2023-07-24 16:19:34.063  INFO 21680 --- [    Test worker] j.LocalContainerEntityManagerFactoryBean : Initialized JPA EntityManagerFactory for persistence unit 'default'
2023-07-24 16:19:34.844  WARN 21680 --- [    Test worker] JpaBaseConfiguration$JpaWebConfiguration : spring.jpa.open-in-view is enabled by default. Therefore, database queries may be performed during view rendering. Explicitly configure spring.jpa.open-in-view to disable this warning
2023-07-24 16:19:35.778  INFO 21680 --- [    Test worker] org.zerock.b01.service.BoardServiceTest  : Started BoardServiceTest in 5.115 seconds (JVM running for 6.943)
2023-07-24 16:19:35.922  INFO 21680 --- [    Test worker] org.zerock.b01.service.BoardServiceTest  : org.zerock.b01.service.BoardServiceImpl$$EnhancerBySpringCGLIB$$43c3c117
Hibernate: 
    insert 
    into
        board
        (moddate, regdate, content, title, writer) 
    values
        (?, ?, ?, ?, ?)
2023-07-24 16:19:36.094  INFO 21680 --- [    Test worker] org.zerock.b01.service.BoardServiceTest  : bno : 102
]]></system-out>
  <system-err><![CDATA[]]></system-err>
</testsuite>
